{"level":"error","message":"undefined does not have an account, need to register.","timestamp":"4/30/2024, 10:31:59 PM"}
{"level":"error","message":"undefined does not have an account, need to register.","timestamp":"4/30/2024, 10:34:45 PM"}
{"level":"error","message":"undefined does not have an account, need to register.","timestamp":"5/2/2024, 2:10:52 PM"}
{"level":"error","message":"undefined does not have an account, need to register.","timestamp":"5/3/2024, 2:40:33 PM"}
{"level":"error","message":"undefined does not have an account, need to register.","timestamp":"5/3/2024, 2:40:33 PM"}
{"level":"error","message":"undefined does not have an account, need to register.","timestamp":"5/3/2024, 2:40:33 PM"}
{"level":"error","message":"undefined does not have an account, need to register.","timestamp":"5/3/2024, 2:40:45 PM"}
{"level":"error","message":"undefined does not have an account, need to register.","timestamp":"5/3/2024, 5:23:43 PM"}
{"level":"error","message":"undefined does not have an account, need to register.","timestamp":"5/3/2024, 5:23:52 PM"}
{"level":"error","message":"ss already has an account","timestamp":"5/3/2024, 5:24:12 PM"}
{"level":"error","message":"undefined does not have an account, need to register.","timestamp":"5/3/2024, 5:24:45 PM"}
{"level":"error","message":"undefined does not have an account, need to register.","timestamp":"5/3/2024, 5:24:49 PM"}
{"level":"error","message":"ss already has an account","timestamp":"5/3/2024, 5:24:56 PM"}
{"level":"error","message":"undefined does not have an account, need to register.","timestamp":"5/3/2024, 5:25:02 PM"}
{"level":"error","message":"Password is incorrect.","timestamp":"5/3/2024, 5:26:22 PM"}
{"level":"error","message":"Password is incorrect.","timestamp":"5/3/2024, 5:26:26 PM"}
{"level":"error","message":"ss already has an account","timestamp":"5/3/2024, 5:27:04 PM"}
{"level":"error","message":"Password is incorrect.","timestamp":"5/3/2024, 5:27:08 PM"}
{"level":"error","message":"Password is incorrect.","timestamp":"5/3/2024, 5:27:15 PM"}
{"level":"error","message":"dd already has an account","timestamp":"5/3/2024, 5:27:26 PM"}
{"level":"error","message":"Password is incorrect.","timestamp":"5/3/2024, 5:27:32 PM"}
{"level":"error","message":"Password is incorrect.","timestamp":"5/3/2024, 6:07:51 PM"}
{"level":"error","message":"Password is incorrect.","timestamp":"5/3/2024, 6:07:54 PM"}
{"level":"error","message":"Password is incorrect.","timestamp":"5/3/2024, 6:08:00 PM"}
{"level":"error","message":"dd already has an account","timestamp":"5/3/2024, 6:08:08 PM"}
{"level":"error","message":"Password is incorrect.","timestamp":"5/3/2024, 6:08:44 PM"}
{"level":"error","message":"aa already has an account","timestamp":"5/3/2024, 6:09:01 PM"}
