{"level":"error","message":"undefined does not have an account, need to register.","timestamp":"4/30/2024, 10:31:59 PM"}
{"level":"info","message":"Creating new record in user_account table","timestamp":"4/30/2024, 10:32:58 PM"}
{"level":"info","message":"Creating new record in user_account table","timestamp":"4/30/2024, 10:33:23 PM"}
{"level":"error","message":"undefined does not have an account, need to register.","timestamp":"4/30/2024, 10:34:45 PM"}
{"level":"info","message":"Creating new record in user_account table","timestamp":"4/30/2024, 10:45:09 PM"}
{"level":"info","message":"Creating new record in user_account table","timestamp":"4/30/2024, 10:50:36 PM"}
{"level":"info","message":"Creating new record in user_account table","timestamp":"4/30/2024, 10:52:32 PM"}
{"level":"info","message":"Creating new record in user_account table","timestamp":"4/30/2024, 11:12:56 PM"}
{"level":"error","message":"undefined does not have an account, need to register.","timestamp":"5/2/2024, 2:10:52 PM"}
{"level":"info","message":"No data for that account.","timestamp":"5/2/2024, 2:29:34 PM"}
{"level":"info","message":"No data for that account.","timestamp":"5/2/2024, 2:30:05 PM"}
{"level":"info","message":"Creating new record in user_account table","timestamp":"5/3/2024, 2:04:14 PM"}
{"level":"info","message":"Creating new record in user_account table","timestamp":"5/3/2024, 2:07:33 PM"}
{"level":"error","message":"undefined does not have an account, need to register.","timestamp":"5/3/2024, 2:40:33 PM"}
{"level":"error","message":"undefined does not have an account, need to register.","timestamp":"5/3/2024, 2:40:33 PM"}
{"level":"error","message":"undefined does not have an account, need to register.","timestamp":"5/3/2024, 2:40:33 PM"}
{"level":"error","message":"undefined does not have an account, need to register.","timestamp":"5/3/2024, 2:40:45 PM"}
{"level":"info","message":"Creating new record in user_account table","timestamp":"5/3/2024, 2:40:54 PM"}
{"level":"info","message":"Creating new record in user_account table","timestamp":"5/3/2024, 5:22:42 PM"}
{"level":"info","message":"Record created with id 1","timestamp":"5/3/2024, 5:22:42 PM"}
{"level":"info","message":"No data for that account.","timestamp":"5/3/2024, 5:23:02 PM"}
{"level":"info","message":"No data for that account.","timestamp":"5/3/2024, 5:23:17 PM"}
{"level":"error","message":"undefined does not have an account, need to register.","timestamp":"5/3/2024, 5:23:43 PM"}
{"level":"error","message":"undefined does not have an account, need to register.","timestamp":"5/3/2024, 5:23:52 PM"}
{"level":"error","message":"ss already has an account","timestamp":"5/3/2024, 5:24:12 PM"}
{"level":"info","message":"Creating new record in user_account table","timestamp":"5/3/2024, 5:24:21 PM"}
{"level":"info","message":"Record created with id 2","timestamp":"5/3/2024, 5:24:21 PM"}
{"level":"info","message":"No data for that account.","timestamp":"5/3/2024, 5:24:35 PM"}
{"level":"error","message":"undefined does not have an account, need to register.","timestamp":"5/3/2024, 5:24:45 PM"}
{"level":"error","message":"undefined does not have an account, need to register.","timestamp":"5/3/2024, 5:24:49 PM"}
{"level":"error","message":"ss already has an account","timestamp":"5/3/2024, 5:24:56 PM"}
{"level":"error","message":"undefined does not have an account, need to register.","timestamp":"5/3/2024, 5:25:02 PM"}
{"level":"info","message":"existingUserAccount ss","timestamp":"5/3/2024, 5:26:22 PM"}
{"level":"error","message":"Password is incorrect.","timestamp":"5/3/2024, 5:26:22 PM"}
{"level":"info","message":"existingUserAccount ss","timestamp":"5/3/2024, 5:26:26 PM"}
{"level":"error","message":"Password is incorrect.","timestamp":"5/3/2024, 5:26:26 PM"}
{"level":"info","message":"existingUserAccount ss","timestamp":"5/3/2024, 5:26:37 PM"}
{"level":"info","message":"Authentication successful!","timestamp":"5/3/2024, 5:26:37 PM"}
{"level":"info","message":"No data for that account.","timestamp":"5/3/2024, 5:26:51 PM"}
{"level":"error","message":"ss already has an account","timestamp":"5/3/2024, 5:27:04 PM"}
{"level":"info","message":"existingUserAccount ss","timestamp":"5/3/2024, 5:27:08 PM"}
{"level":"error","message":"Password is incorrect.","timestamp":"5/3/2024, 5:27:08 PM"}
{"level":"info","message":"existingUserAccount ss","timestamp":"5/3/2024, 5:27:14 PM"}
{"level":"error","message":"Password is incorrect.","timestamp":"5/3/2024, 5:27:15 PM"}
{"level":"error","message":"dd already has an account","timestamp":"5/3/2024, 5:27:26 PM"}
{"level":"info","message":"existingUserAccount dd","timestamp":"5/3/2024, 5:27:32 PM"}
{"level":"error","message":"Password is incorrect.","timestamp":"5/3/2024, 5:27:32 PM"}
{"level":"info","message":"existingUserAccount dd","timestamp":"5/3/2024, 6:07:51 PM"}
{"level":"error","message":"Password is incorrect.","timestamp":"5/3/2024, 6:07:51 PM"}
{"level":"info","message":"existingUserAccount dd","timestamp":"5/3/2024, 6:07:54 PM"}
{"level":"error","message":"Password is incorrect.","timestamp":"5/3/2024, 6:07:54 PM"}
{"level":"info","message":"existingUserAccount dd","timestamp":"5/3/2024, 6:08:00 PM"}
{"level":"error","message":"Password is incorrect.","timestamp":"5/3/2024, 6:08:00 PM"}
{"level":"error","message":"dd already has an account","timestamp":"5/3/2024, 6:08:08 PM"}
{"level":"info","message":"Creating new record in user_account table","timestamp":"5/3/2024, 6:08:16 PM"}
{"level":"info","message":"Record created with id 3","timestamp":"5/3/2024, 6:08:16 PM"}
{"level":"info","message":"No data for that account.","timestamp":"5/3/2024, 6:08:27 PM"}
{"level":"info","message":"existingUserAccount aa","timestamp":"5/3/2024, 6:08:43 PM"}
{"level":"error","message":"Password is incorrect.","timestamp":"5/3/2024, 6:08:44 PM"}
{"level":"info","message":"existingUserAccount aa","timestamp":"5/3/2024, 6:08:51 PM"}
{"level":"info","message":"Authentication successful!","timestamp":"5/3/2024, 6:08:52 PM"}
{"level":"error","message":"aa already has an account","timestamp":"5/3/2024, 6:09:01 PM"}
{"level":"info","message":"Creating new record in user_account table","timestamp":"5/3/2024, 6:09:12 PM"}
{"level":"info","message":"Record created with id 4","timestamp":"5/3/2024, 6:09:12 PM"}
{"level":"info","message":"existingUserAccount ff","timestamp":"5/3/2024, 6:09:18 PM"}
{"level":"info","message":"Authentication successful!","timestamp":"5/3/2024, 6:09:18 PM"}
